
> luxury-sdr-system@0.1.0 build
> next build --turbopack

   ▲ Next.js 15.5.12 (Turbopack)

   Creating an optimized production build ...
   Using tsconfig file: ./tsconfig.json
 ✓ Finished writing to disk in 40ms
 ✓ Compiled successfully in 107s
   Linting and checking validity of types ...

./lib/agents/enrichment-agent.ts
199:42  Warning: 'company' is defined but never used.  @typescript-eslint/no-unused-vars

./lib/agents/gaia-phone-agent.ts
82:40  Warning: 'recordingUrl' is defined but never used.  @typescript-eslint/no-unused-vars
216:23  Warning: 'call' is defined but never used.  @typescript-eslint/no-unused-vars

info  - Need to disable some ESLint rules? Learn more here: https://nextjs.org/docs/app/api-reference/config/eslint#disabling-rules
Failed to compile.

./lib/agents/index.ts:83:74
Type error: Argument of type 'RawLead[]' is not assignable to parameter of type 'RawLeadPool'.
  Type 'RawLead[]' is missing the following properties from type 'RawLeadPool': id, clientId, campaignId, leads, and 3 more.

[0m [90m 81 |[39m       [90m// Step 4: Enrich leads[39m
 [90m 82 |[39m       console[33m.[39mlog([32m'📋 Step 3: Enrichment Agent'[39m)[33m;[39m
[31m[1m>[22m[39m[90m 83 |[39m       [36mconst[39m enrichmentResult [33m=[39m [36mawait[39m [36mthis[39m[33m.[39menrichmentAgent[33m.[39menrichAndScore(validLeads)[33m;[39m
 [90m    |[39m                                                                          [31m[1m^[22m[39m
 [90m 84 |[39m       [36mconst[39m enrichedLeads [33m=[39m enrichmentResult[33m.[39mleads[33m;[39m
 [90m 85 |[39m       console[33m.[39mlog([32m`✅ Enriched ${enrichedLeads.length} leads\n`[39m)[33m;[39m
 [90m 86 |[39m[0m
Next.js build worker exited with code: 1 and signal: null
